2025-01-11 17:23:55,718 - __main__ - INFO - Getting page 1...
2025-01-11 17:25:52,417 - __main__ - INFO - Successfully got page 1
2025-01-11 17:26:29,592 - __main__ - ERROR - Error in loop_get_json: unsupported operand type(s) for //: 'NoneType' and 'int'
2025-01-11 17:26:49,655 - __main__ - ERROR - Fatal error: unsupported operand type(s) for //: 'NoneType' and 'int'
2025-01-11 17:28:48,127 - __main__ - INFO - Getting page 1...
2025-01-11 17:28:48,629 - __main__ - INFO - Successfully got page 1
2025-01-11 17:29:12,895 - __main__ - ERROR - Failed to get initial page data or num_found is None
2025-01-11 17:31:33,426 - __main__ - INFO - Getting page 1...
2025-01-11 17:32:21,745 - __main__ - INFO - Successfully got page 1
2025-01-11 17:32:24,109 - __main__ - ERROR - Failed to get initial page data or num_found is None
2025-01-12 14:43:01,080 - __main__ - INFO - 开始获取第 1 页数据...
2025-01-12 14:43:51,075 - __main__ - INFO - 开始获取第 1 页数据...
2025-01-12 14:43:51,848 - __main__ - ERROR - 响应中缺少必要字段
2025-01-12 14:43:51,850 - __main__ - ERROR - 获取初始页面数据失败或num_found为None
2025-01-12 14:47:00,760 - __main__ - INFO - 开始获取第 1 页数据...
2025-01-12 14:47:02,062 - __main__ - INFO - 成功获取第 1 页数据，共 20 条记录
2025-01-12 14:47:02,144 - __main__ - INFO - 开始获取第 2 页数据...
2025-01-12 14:47:02,515 - __main__ - INFO - 成功获取第 2 页数据，共 20 条记录
2025-01-12 14:47:02,529 - __main__ - INFO - 第 2 页完成
2025-01-12 14:47:02,530 - __main__ - INFO - 开始获取第 3 页数据...
2025-01-12 14:47:02,926 - __main__ - INFO - 成功获取第 3 页数据，共 20 条记录
2025-01-12 14:47:02,938 - __main__ - INFO - 第 3 页完成
2025-01-12 14:47:02,938 - __main__ - INFO - 开始获取第 4 页数据...
2025-01-12 14:47:03,241 - __main__ - INFO - 成功获取第 4 页数据，共 20 条记录
2025-01-12 14:47:03,253 - __main__ - INFO - 第 4 页完成
2025-01-12 14:47:03,253 - __main__ - INFO - 开始获取第 5 页数据...
2025-01-12 14:47:03,588 - __main__ - INFO - 成功获取第 5 页数据，共 20 条记录
2025-01-12 14:47:03,601 - __main__ - INFO - 第 5 页完成
2025-01-12 14:47:03,601 - __main__ - INFO - 开始获取第 6 页数据...
2025-01-12 14:47:04,018 - __main__ - INFO - 成功获取第 6 页数据，共 20 条记录
2025-01-12 14:47:04,028 - __main__ - INFO - 第 6 页完成
2025-01-12 14:47:04,030 - __main__ - INFO - 开始获取第 7 页数据...
2025-01-12 14:47:04,364 - __main__ - INFO - 成功获取第 7 页数据，共 20 条记录
2025-01-12 14:47:04,374 - __main__ - INFO - 第 7 页完成
2025-01-12 14:47:04,374 - __main__ - INFO - 开始获取第 8 页数据...
2025-01-12 14:47:04,717 - __main__ - INFO - 成功获取第 8 页数据，共 20 条记录
2025-01-12 14:47:04,729 - __main__ - INFO - 第 8 页完成
2025-01-12 14:47:04,729 - __main__ - INFO - 开始获取第 9 页数据...
2025-01-12 14:47:05,050 - __main__ - INFO - 成功获取第 9 页数据，共 20 条记录
2025-01-12 14:47:05,060 - __main__ - INFO - 第 9 页完成
2025-01-12 14:47:05,060 - __main__ - INFO - 开始获取第 10 页数据...
2025-01-12 14:47:05,412 - __main__ - INFO - 成功获取第 10 页数据，共 20 条记录
2025-01-12 14:47:05,423 - __main__ - INFO - 第 10 页完成
2025-01-12 14:47:05,423 - __main__ - INFO - 开始获取第 11 页数据...
2025-01-12 14:47:05,772 - __main__ - INFO - 成功获取第 11 页数据，共 20 条记录
2025-01-12 14:47:05,788 - __main__ - INFO - 第 11 页完成
2025-01-12 14:47:05,788 - __main__ - INFO - 开始获取第 12 页数据...
2025-01-12 14:47:06,166 - __main__ - INFO - 成功获取第 12 页数据，共 20 条记录
2025-01-12 14:47:06,178 - __main__ - INFO - 第 12 页完成
2025-01-12 14:47:06,180 - __main__ - INFO - 开始获取第 13 页数据...
2025-01-12 14:47:06,533 - __main__ - INFO - 成功获取第 13 页数据，共 20 条记录
2025-01-12 14:47:06,546 - __main__ - INFO - 第 13 页完成
2025-01-12 14:47:06,546 - __main__ - INFO - 开始获取第 14 页数据...
2025-01-12 14:47:06,886 - __main__ - INFO - 成功获取第 14 页数据，共 20 条记录
2025-01-12 14:47:06,900 - __main__ - INFO - 第 14 页完成
2025-01-12 14:47:06,900 - __main__ - INFO - 开始获取第 15 页数据...
2025-01-12 14:47:07,261 - __main__ - INFO - 成功获取第 15 页数据，共 20 条记录
2025-01-12 14:47:07,272 - __main__ - INFO - 第 15 页完成
2025-01-12 14:47:07,273 - __main__ - INFO - 开始获取第 16 页数据...
2025-01-12 14:47:07,591 - __main__ - INFO - 成功获取第 16 页数据，共 20 条记录
2025-01-12 14:47:07,602 - __main__ - INFO - 第 16 页完成
2025-01-12 14:47:07,602 - __main__ - INFO - 开始获取第 17 页数据...
2025-01-12 14:47:07,985 - __main__ - INFO - 成功获取第 17 页数据，共 20 条记录
2025-01-12 14:47:07,995 - __main__ - INFO - 第 17 页完成
2025-01-12 14:47:07,996 - __main__ - INFO - 开始获取第 18 页数据...
2025-01-12 14:47:08,334 - __main__ - INFO - 成功获取第 18 页数据，共 20 条记录
2025-01-12 14:47:08,349 - __main__ - INFO - 第 18 页完成
2025-01-12 14:47:08,349 - __main__ - INFO - 开始获取第 19 页数据...
2025-01-12 14:47:08,690 - __main__ - INFO - 成功获取第 19 页数据，共 20 条记录
2025-01-12 14:47:08,705 - __main__ - INFO - 第 19 页完成
2025-01-12 14:47:08,706 - __main__ - INFO - 开始获取第 20 页数据...
2025-01-12 14:47:09,085 - __main__ - INFO - 成功获取第 20 页数据，共 20 条记录
2025-01-12 14:47:09,103 - __main__ - INFO - 第 20 页完成
2025-01-12 14:47:09,103 - __main__ - INFO - 开始获取第 21 页数据...
2025-01-12 14:47:09,443 - __main__ - INFO - 成功获取第 21 页数据，共 20 条记录
2025-01-12 14:47:09,458 - __main__ - INFO - 第 21 页完成
2025-01-12 14:47:09,459 - __main__ - INFO - 开始获取第 22 页数据...
2025-01-12 14:47:09,786 - __main__ - INFO - 成功获取第 22 页数据，共 20 条记录
2025-01-12 14:47:09,798 - __main__ - INFO - 第 22 页完成
2025-01-12 14:47:09,798 - __main__ - INFO - 开始获取第 23 页数据...
2025-01-12 14:47:10,147 - __main__ - INFO - 成功获取第 23 页数据，共 20 条记录
2025-01-12 14:47:10,157 - __main__ - INFO - 第 23 页完成
2025-01-12 14:47:10,158 - __main__ - INFO - 开始获取第 24 页数据...
2025-01-12 14:47:10,493 - __main__ - INFO - 成功获取第 24 页数据，共 20 条记录
2025-01-12 14:47:10,507 - __main__ - INFO - 第 24 页完成
2025-01-12 14:47:10,508 - __main__ - INFO - 开始获取第 25 页数据...
2025-01-12 14:47:10,858 - __main__ - INFO - 成功获取第 25 页数据，共 20 条记录
2025-01-12 14:47:10,876 - __main__ - INFO - 第 25 页完成
2025-01-12 14:47:10,876 - __main__ - INFO - 开始获取第 26 页数据...
2025-01-12 14:47:11,233 - __main__ - INFO - 成功获取第 26 页数据，共 20 条记录
2025-01-12 14:47:11,249 - __main__ - INFO - 第 26 页完成
2025-01-12 14:47:11,250 - __main__ - INFO - 开始获取第 27 页数据...
2025-01-12 14:47:11,595 - __main__ - INFO - 成功获取第 27 页数据，共 20 条记录
2025-01-12 14:47:11,611 - __main__ - INFO - 第 27 页完成
2025-01-12 14:47:11,611 - __main__ - INFO - 开始获取第 28 页数据...
2025-01-12 14:47:11,932 - __main__ - INFO - 成功获取第 28 页数据，共 20 条记录
2025-01-12 14:47:11,949 - __main__ - INFO - 第 28 页完成
2025-01-12 14:47:11,949 - __main__ - INFO - 开始获取第 29 页数据...
2025-01-12 14:47:12,317 - __main__ - INFO - 成功获取第 29 页数据，共 20 条记录
2025-01-12 14:47:12,328 - __main__ - INFO - 第 29 页完成
2025-01-12 14:47:12,329 - __main__ - INFO - 开始获取第 30 页数据...
2025-01-12 14:47:12,667 - __main__ - INFO - 成功获取第 30 页数据，共 20 条记录
2025-01-12 14:47:12,676 - __main__ - INFO - 第 30 页完成
2025-01-12 14:47:12,677 - __main__ - INFO - 开始获取第 31 页数据...
2025-01-12 14:47:12,988 - __main__ - INFO - 成功获取第 31 页数据，共 20 条记录
2025-01-12 14:47:13,005 - __main__ - INFO - 第 31 页完成
2025-01-12 14:47:13,005 - __main__ - INFO - 开始获取第 32 页数据...
2025-01-12 14:47:13,348 - __main__ - INFO - 成功获取第 32 页数据，共 20 条记录
2025-01-12 14:47:13,359 - __main__ - INFO - 第 32 页完成
2025-01-12 14:47:13,360 - __main__ - INFO - 开始获取第 33 页数据...
2025-01-12 14:47:13,676 - __main__ - INFO - 成功获取第 33 页数据，共 20 条记录
2025-01-12 14:47:13,688 - __main__ - INFO - 第 33 页完成
2025-01-12 14:47:13,688 - __main__ - INFO - 开始获取第 34 页数据...
2025-01-12 14:47:14,003 - __main__ - INFO - 成功获取第 34 页数据，共 20 条记录
2025-01-12 14:47:14,014 - __main__ - INFO - 第 34 页完成
2025-01-12 14:47:14,014 - __main__ - INFO - 开始获取第 35 页数据...
2025-01-12 14:47:14,356 - __main__ - INFO - 成功获取第 35 页数据，共 20 条记录
2025-01-12 14:47:14,369 - __main__ - INFO - 第 35 页完成
2025-01-12 14:47:14,369 - __main__ - INFO - 开始获取第 36 页数据...
2025-01-12 14:47:14,692 - __main__ - INFO - 成功获取第 36 页数据，共 20 条记录
2025-01-12 14:47:14,708 - __main__ - INFO - 第 36 页完成
2025-01-12 14:47:14,709 - __main__ - INFO - 开始获取第 37 页数据...
2025-01-12 14:47:15,033 - __main__ - INFO - 成功获取第 37 页数据，共 20 条记录
2025-01-12 14:47:15,049 - __main__ - INFO - 第 37 页完成
2025-01-12 14:47:15,049 - __main__ - INFO - 开始获取第 38 页数据...
2025-01-12 14:47:15,398 - __main__ - INFO - 成功获取第 38 页数据，共 20 条记录
2025-01-12 14:47:15,413 - __main__ - INFO - 第 38 页完成
2025-01-12 14:47:15,413 - __main__ - INFO - 开始获取第 39 页数据...
2025-01-12 14:47:15,754 - __main__ - INFO - 成功获取第 39 页数据，共 20 条记录
2025-01-12 14:47:15,767 - __main__ - INFO - 第 39 页完成
2025-01-12 14:47:15,767 - __main__ - INFO - 开始获取第 40 页数据...
2025-01-12 14:47:16,085 - __main__ - INFO - 成功获取第 40 页数据，共 20 条记录
2025-01-12 14:47:16,099 - __main__ - INFO - 第 40 页完成
2025-01-12 14:47:16,099 - __main__ - INFO - 开始获取第 41 页数据...
2025-01-12 14:47:16,414 - __main__ - INFO - 成功获取第 41 页数据，共 20 条记录
2025-01-12 14:47:16,424 - __main__ - INFO - 第 41 页完成
2025-01-12 14:47:16,424 - __main__ - INFO - 开始获取第 42 页数据...
2025-01-12 14:47:16,743 - __main__ - INFO - 成功获取第 42 页数据，共 20 条记录
2025-01-12 14:47:16,754 - __main__ - INFO - 第 42 页完成
2025-01-12 14:47:16,754 - __main__ - INFO - 开始获取第 43 页数据...
2025-01-12 14:47:17,087 - __main__ - INFO - 成功获取第 43 页数据，共 20 条记录
2025-01-12 14:47:17,096 - __main__ - INFO - 第 43 页完成
2025-01-12 14:47:17,098 - __main__ - INFO - 开始获取第 44 页数据...
2025-01-12 14:47:17,425 - __main__ - INFO - 成功获取第 44 页数据，共 20 条记录
2025-01-12 14:47:17,435 - __main__ - INFO - 第 44 页完成
2025-01-12 14:47:17,435 - __main__ - INFO - 开始获取第 45 页数据...
2025-01-12 14:47:17,790 - __main__ - INFO - 成功获取第 45 页数据，共 20 条记录
2025-01-12 14:47:17,803 - __main__ - INFO - 第 45 页完成
2025-01-12 14:47:17,804 - __main__ - INFO - 开始获取第 46 页数据...
2025-01-12 14:47:18,321 - __main__ - INFO - 成功获取第 46 页数据，共 20 条记录
2025-01-12 14:47:18,355 - __main__ - INFO - 第 46 页完成
2025-01-12 14:47:18,356 - __main__ - INFO - 开始获取第 47 页数据...
2025-01-12 14:47:18,767 - __main__ - INFO - 成功获取第 47 页数据，共 20 条记录
2025-01-12 14:47:18,788 - __main__ - INFO - 第 47 页完成
2025-01-12 14:47:18,788 - __main__ - INFO - 开始获取第 48 页数据...
2025-01-12 14:47:19,175 - __main__ - INFO - 成功获取第 48 页数据，共 20 条记录
2025-01-12 14:47:19,189 - __main__ - INFO - 第 48 页完成
2025-01-12 14:47:19,189 - __main__ - INFO - 开始获取第 49 页数据...
2025-01-12 14:47:19,525 - __main__ - INFO - 成功获取第 49 页数据，共 20 条记录
2025-01-12 14:47:19,535 - __main__ - INFO - 第 49 页完成
2025-01-12 14:47:19,535 - __main__ - INFO - 开始获取第 50 页数据...
2025-01-12 14:47:19,882 - __main__ - INFO - 成功获取第 50 页数据，共 20 条记录
2025-01-12 14:47:19,895 - __main__ - INFO - 第 50 页完成
2025-01-12 14:47:19,896 - __main__ - INFO - 开始获取第 51 页数据...
2025-01-12 14:47:20,225 - __main__ - INFO - 成功获取第 51 页数据，共 20 条记录
2025-01-12 14:47:20,246 - __main__ - INFO - 第 51 页完成
2025-01-12 14:47:20,246 - __main__ - INFO - 开始获取第 52 页数据...
2025-01-12 14:47:20,602 - __main__ - INFO - 成功获取第 52 页数据，共 20 条记录
2025-01-12 14:47:20,614 - __main__ - INFO - 第 52 页完成
2025-01-12 14:47:20,616 - __main__ - INFO - 开始获取第 53 页数据...
2025-01-12 14:47:20,970 - __main__ - INFO - 成功获取第 53 页数据，共 20 条记录
2025-01-12 14:47:20,984 - __main__ - INFO - 第 53 页完成
2025-01-12 14:47:20,984 - __main__ - INFO - 开始获取第 54 页数据...
2025-01-12 14:47:21,345 - __main__ - INFO - 成功获取第 54 页数据，共 20 条记录
2025-01-12 14:47:21,355 - __main__ - INFO - 第 54 页完成
2025-01-12 14:47:21,356 - __main__ - INFO - 开始获取第 55 页数据...
2025-01-12 14:47:21,699 - __main__ - INFO - 成功获取第 55 页数据，共 20 条记录
2025-01-12 14:47:21,713 - __main__ - INFO - 第 55 页完成
2025-01-12 14:47:21,713 - __main__ - INFO - 开始获取第 56 页数据...
2025-01-12 14:47:22,053 - __main__ - INFO - 成功获取第 56 页数据，共 20 条记录
2025-01-12 14:47:22,068 - __main__ - INFO - 第 56 页完成
2025-01-12 14:47:22,068 - __main__ - INFO - 开始获取第 57 页数据...
2025-01-12 14:47:22,423 - __main__ - INFO - 成功获取第 57 页数据，共 20 条记录
2025-01-12 14:47:22,435 - __main__ - INFO - 第 57 页完成
2025-01-12 14:47:22,436 - __main__ - INFO - 开始获取第 58 页数据...
2025-01-12 14:47:22,773 - __main__ - INFO - 成功获取第 58 页数据，共 20 条记录
2025-01-12 14:47:22,785 - __main__ - INFO - 第 58 页完成
2025-01-12 14:47:22,786 - __main__ - INFO - 开始获取第 59 页数据...
2025-01-12 14:47:23,122 - __main__ - INFO - 成功获取第 59 页数据，共 20 条记录
2025-01-12 14:47:23,133 - __main__ - INFO - 第 59 页完成
2025-01-12 14:47:23,133 - __main__ - INFO - 开始获取第 60 页数据...
2025-01-12 14:47:23,463 - __main__ - INFO - 成功获取第 60 页数据，共 20 条记录
2025-01-12 14:47:23,482 - __main__ - INFO - 第 60 页完成
2025-01-12 14:47:23,482 - __main__ - INFO - 开始获取第 61 页数据...
2025-01-12 14:47:23,888 - __main__ - INFO - 成功获取第 61 页数据，共 20 条记录
2025-01-12 14:47:23,910 - __main__ - INFO - 第 61 页完成
2025-01-12 14:47:23,910 - __main__ - INFO - 开始获取第 62 页数据...
2025-01-12 14:47:24,266 - __main__ - INFO - 成功获取第 62 页数据，共 20 条记录
2025-01-12 14:47:24,285 - __main__ - INFO - 第 62 页完成
2025-01-12 14:47:24,285 - __main__ - INFO - 开始获取第 63 页数据...
2025-01-12 14:47:24,625 - __main__ - INFO - 成功获取第 63 页数据，共 20 条记录
2025-01-12 14:47:24,644 - __main__ - INFO - 第 63 页完成
2025-01-12 14:47:24,644 - __main__ - INFO - 开始获取第 64 页数据...
2025-01-12 14:47:25,248 - __main__ - INFO - 成功获取第 64 页数据，共 20 条记录
2025-01-12 14:47:25,283 - __main__ - INFO - 第 64 页完成
2025-01-12 14:47:25,284 - __main__ - INFO - 开始获取第 65 页数据...
2025-01-12 14:47:25,657 - __main__ - INFO - 成功获取第 65 页数据，共 20 条记录
2025-01-12 14:47:25,677 - __main__ - INFO - 第 65 页完成
2025-01-12 14:47:25,678 - __main__ - INFO - 开始获取第 66 页数据...
2025-01-12 14:47:26,042 - __main__ - INFO - 成功获取第 66 页数据，共 20 条记录
2025-01-12 14:47:26,052 - __main__ - INFO - 第 66 页完成
2025-01-12 14:47:26,052 - __main__ - INFO - 开始获取第 67 页数据...
2025-01-12 14:47:26,387 - __main__ - INFO - 成功获取第 67 页数据，共 20 条记录
2025-01-12 14:47:26,404 - __main__ - INFO - 第 67 页完成
2025-01-12 14:47:26,406 - __main__ - INFO - 开始获取第 68 页数据...
2025-01-12 14:47:26,743 - __main__ - INFO - 成功获取第 68 页数据，共 20 条记录
2025-01-12 14:47:26,756 - __main__ - INFO - 第 68 页完成
2025-01-12 14:47:26,756 - __main__ - INFO - 开始获取第 69 页数据...
2025-01-12 14:47:27,101 - __main__ - INFO - 成功获取第 69 页数据，共 20 条记录
2025-01-12 14:47:27,114 - __main__ - INFO - 第 69 页完成
2025-01-12 14:47:27,114 - __main__ - INFO - 开始获取第 70 页数据...
2025-01-12 14:47:27,433 - __main__ - INFO - 成功获取第 70 页数据，共 20 条记录
2025-01-12 14:47:27,443 - __main__ - INFO - 第 70 页完成
2025-01-12 14:47:27,444 - __main__ - INFO - 开始获取第 71 页数据...
2025-01-12 14:47:27,775 - __main__ - INFO - 成功获取第 71 页数据，共 20 条记录
2025-01-12 14:47:27,786 - __main__ - INFO - 第 71 页完成
2025-01-12 14:47:27,786 - __main__ - INFO - 开始获取第 72 页数据...
2025-01-12 14:47:28,134 - __main__ - INFO - 成功获取第 72 页数据，共 20 条记录
2025-01-12 14:47:28,150 - __main__ - INFO - 第 72 页完成
2025-01-12 14:47:28,150 - __main__ - INFO - 开始获取第 73 页数据...
2025-01-12 14:47:28,476 - __main__ - INFO - 成功获取第 73 页数据，共 20 条记录
2025-01-12 14:47:28,486 - __main__ - INFO - 第 73 页完成
2025-01-12 14:47:28,487 - __main__ - INFO - 开始获取第 74 页数据...
2025-01-12 14:47:28,801 - __main__ - INFO - 成功获取第 74 页数据，共 20 条记录
2025-01-12 14:47:28,810 - __main__ - INFO - 第 74 页完成
2025-01-12 14:47:28,811 - __main__ - INFO - 开始获取第 75 页数据...
2025-01-12 14:47:29,170 - __main__ - INFO - 成功获取第 75 页数据，共 20 条记录
2025-01-12 14:47:29,180 - __main__ - INFO - 第 75 页完成
2025-01-12 14:47:29,181 - __main__ - INFO - 开始获取第 76 页数据...
2025-01-12 14:47:29,561 - __main__ - INFO - 成功获取第 76 页数据，共 20 条记录
2025-01-12 14:47:29,574 - __main__ - INFO - 第 76 页完成
2025-01-12 14:47:29,574 - __main__ - INFO - 开始获取第 77 页数据...
2025-01-12 14:47:29,932 - __main__ - INFO - 成功获取第 77 页数据，共 20 条记录
2025-01-12 14:47:29,944 - __main__ - INFO - 第 77 页完成
2025-01-12 14:47:29,944 - __main__ - INFO - 开始获取第 78 页数据...
2025-01-12 14:47:30,292 - __main__ - INFO - 成功获取第 78 页数据，共 20 条记录
2025-01-12 14:47:30,314 - __main__ - INFO - 第 78 页完成
2025-01-12 14:47:30,314 - __main__ - INFO - 开始获取第 79 页数据...
2025-01-12 14:47:30,684 - __main__ - INFO - 成功获取第 79 页数据，共 20 条记录
2025-01-12 14:47:30,694 - __main__ - INFO - 第 79 页完成
2025-01-12 14:47:30,695 - __main__ - INFO - 开始获取第 80 页数据...
2025-01-12 14:47:31,019 - __main__ - INFO - 成功获取第 80 页数据，共 20 条记录
2025-01-12 14:47:31,034 - __main__ - INFO - 第 80 页完成
2025-01-12 14:47:31,034 - __main__ - INFO - 开始获取第 81 页数据...
2025-01-12 14:47:31,397 - __main__ - INFO - 成功获取第 81 页数据，共 20 条记录
2025-01-12 14:47:31,412 - __main__ - INFO - 第 81 页完成
2025-01-12 14:47:31,413 - __main__ - INFO - 开始获取第 82 页数据...
2025-01-12 14:47:31,757 - __main__ - INFO - 成功获取第 82 页数据，共 20 条记录
2025-01-12 14:47:31,770 - __main__ - INFO - 第 82 页完成
2025-01-12 14:47:31,770 - __main__ - INFO - 开始获取第 83 页数据...
2025-01-12 14:47:32,099 - __main__ - INFO - 成功获取第 83 页数据，共 20 条记录
2025-01-12 14:47:32,113 - __main__ - INFO - 第 83 页完成
2025-01-12 14:47:32,113 - __main__ - INFO - 开始获取第 84 页数据...
2025-01-12 14:47:32,450 - __main__ - INFO - 成功获取第 84 页数据，共 20 条记录
2025-01-12 14:47:32,472 - __main__ - INFO - 第 84 页完成
2025-01-12 14:47:32,472 - __main__ - INFO - 开始获取第 85 页数据...
2025-01-12 14:47:32,851 - __main__ - INFO - 成功获取第 85 页数据，共 20 条记录
2025-01-12 14:47:32,864 - __main__ - INFO - 第 85 页完成
2025-01-12 14:47:32,864 - __main__ - INFO - 开始获取第 86 页数据...
2025-01-12 14:47:33,216 - __main__ - INFO - 成功获取第 86 页数据，共 20 条记录
2025-01-12 14:47:33,227 - __main__ - INFO - 第 86 页完成
2025-01-12 14:47:33,227 - __main__ - INFO - 开始获取第 87 页数据...
2025-01-12 14:47:33,574 - __main__ - INFO - 成功获取第 87 页数据，共 20 条记录
2025-01-12 14:47:33,591 - __main__ - INFO - 第 87 页完成
2025-01-12 14:47:33,592 - __main__ - INFO - 开始获取第 88 页数据...
2025-01-12 14:47:33,932 - __main__ - INFO - 成功获取第 88 页数据，共 20 条记录
2025-01-12 14:47:33,945 - __main__ - INFO - 第 88 页完成
2025-01-12 14:47:33,946 - __main__ - INFO - 开始获取第 89 页数据...
2025-01-12 14:47:34,271 - __main__ - INFO - 成功获取第 89 页数据，共 20 条记录
2025-01-12 14:47:34,284 - __main__ - INFO - 第 89 页完成
2025-01-12 14:47:34,284 - __main__ - INFO - 开始获取第 90 页数据...
2025-01-12 14:47:34,608 - __main__ - INFO - 成功获取第 90 页数据，共 20 条记录
2025-01-12 14:47:34,618 - __main__ - INFO - 第 90 页完成
2025-01-12 14:47:34,618 - __main__ - INFO - 开始获取第 91 页数据...
2025-01-12 14:47:34,953 - __main__ - INFO - 成功获取第 91 页数据，共 20 条记录
2025-01-12 14:47:34,970 - __main__ - INFO - 第 91 页完成
2025-01-12 14:47:34,970 - __main__ - INFO - 开始获取第 92 页数据...
2025-01-12 14:47:35,310 - __main__ - INFO - 成功获取第 92 页数据，共 20 条记录
2025-01-12 14:47:35,321 - __main__ - INFO - 第 92 页完成
2025-01-12 14:47:35,321 - __main__ - INFO - 开始获取第 93 页数据...
2025-01-12 14:47:35,648 - __main__ - INFO - 成功获取第 93 页数据，共 20 条记录
2025-01-12 14:47:35,680 - __main__ - INFO - 第 93 页完成
2025-01-12 14:47:35,680 - __main__ - INFO - 开始获取第 94 页数据...
2025-01-12 14:47:36,012 - __main__ - INFO - 成功获取第 94 页数据，共 20 条记录
2025-01-12 14:47:36,024 - __main__ - INFO - 第 94 页完成
2025-01-12 14:47:36,024 - __main__ - INFO - 开始获取第 95 页数据...
2025-01-12 14:47:36,369 - __main__ - INFO - 成功获取第 95 页数据，共 20 条记录
2025-01-12 14:47:36,382 - __main__ - INFO - 第 95 页完成
2025-01-12 14:47:36,382 - __main__ - INFO - 开始获取第 96 页数据...
2025-01-12 14:47:36,711 - __main__ - INFO - 成功获取第 96 页数据，共 20 条记录
2025-01-12 14:47:36,720 - __main__ - INFO - 第 96 页完成
2025-01-12 14:47:36,720 - __main__ - INFO - 开始获取第 97 页数据...
2025-01-12 14:47:37,067 - __main__ - INFO - 成功获取第 97 页数据，共 20 条记录
2025-01-12 14:47:37,085 - __main__ - INFO - 第 97 页完成
2025-01-12 14:47:37,087 - __main__ - INFO - 开始获取第 98 页数据...
2025-01-12 14:47:37,442 - __main__ - INFO - 成功获取第 98 页数据，共 20 条记录
2025-01-12 14:47:37,457 - __main__ - INFO - 第 98 页完成
2025-01-12 14:47:37,458 - __main__ - INFO - 开始获取第 99 页数据...
2025-01-12 14:47:37,782 - __main__ - INFO - 成功获取第 99 页数据，共 20 条记录
2025-01-12 14:47:37,798 - __main__ - INFO - 第 99 页完成
2025-01-12 14:47:37,798 - __main__ - INFO - 开始获取第 100 页数据...
2025-01-12 14:47:38,150 - __main__ - INFO - 成功获取第 100 页数据，共 20 条记录
2025-01-12 14:47:38,163 - __main__ - INFO - 第 100 页完成
2025-01-12 14:47:38,164 - __main__ - INFO - 开始获取第 101 页数据...
2025-01-12 14:47:38,500 - __main__ - INFO - 成功获取第 101 页数据，共 20 条记录
2025-01-12 14:47:38,519 - __main__ - INFO - 第 101 页完成
2025-01-12 14:47:38,520 - __main__ - INFO - 开始获取第 102 页数据...
2025-01-12 14:47:38,863 - __main__ - INFO - 成功获取第 102 页数据，共 20 条记录
2025-01-12 14:47:38,875 - __main__ - INFO - 第 102 页完成
2025-01-12 14:47:38,876 - __main__ - INFO - 开始获取第 103 页数据...
2025-01-12 14:47:39,232 - __main__ - INFO - 成功获取第 103 页数据，共 20 条记录
2025-01-12 14:47:39,245 - __main__ - INFO - 第 103 页完成
2025-01-12 14:47:39,246 - __main__ - INFO - 开始获取第 104 页数据...
2025-01-12 14:47:39,794 - __main__ - INFO - 成功获取第 104 页数据，共 20 条记录
2025-01-12 14:47:39,824 - __main__ - INFO - 第 104 页完成
2025-01-12 14:47:39,826 - __main__ - INFO - 开始获取第 105 页数据...
2025-01-12 14:47:40,214 - __main__ - INFO - 成功获取第 105 页数据，共 20 条记录
2025-01-12 14:47:40,245 - __main__ - INFO - 第 105 页完成
2025-01-12 14:47:40,246 - __main__ - INFO - 开始获取第 106 页数据...
2025-01-12 14:47:40,640 - __main__ - INFO - 成功获取第 106 页数据，共 20 条记录
2025-01-12 14:47:40,654 - __main__ - INFO - 第 106 页完成
2025-01-12 14:47:40,654 - __main__ - INFO - 开始获取第 107 页数据...
2025-01-12 14:47:41,009 - __main__ - INFO - 成功获取第 107 页数据，共 20 条记录
2025-01-12 14:47:41,021 - __main__ - INFO - 第 107 页完成
2025-01-12 14:47:41,022 - __main__ - INFO - 开始获取第 108 页数据...
2025-01-12 14:47:41,355 - __main__ - INFO - 成功获取第 108 页数据，共 20 条记录
2025-01-12 14:47:41,363 - __main__ - INFO - 第 108 页完成
2025-01-12 14:47:41,363 - __main__ - INFO - 开始获取第 109 页数据...
2025-01-12 14:47:41,689 - __main__ - INFO - 成功获取第 109 页数据，共 20 条记录
2025-01-12 14:47:41,698 - __main__ - INFO - 第 109 页完成
2025-01-12 14:47:41,699 - __main__ - INFO - 开始获取第 110 页数据...
2025-01-12 14:47:42,025 - __main__ - INFO - 成功获取第 110 页数据，共 20 条记录
2025-01-12 14:47:42,037 - __main__ - INFO - 第 110 页完成
2025-01-12 14:47:42,037 - __main__ - INFO - 开始获取第 111 页数据...
2025-01-12 14:47:42,364 - __main__ - INFO - 成功获取第 111 页数据，共 20 条记录
2025-01-12 14:47:42,373 - __main__ - INFO - 第 111 页完成
2025-01-12 14:47:42,374 - __main__ - INFO - 开始获取第 112 页数据...
2025-01-12 14:47:42,706 - __main__ - INFO - 成功获取第 112 页数据，共 20 条记录
2025-01-12 14:47:42,715 - __main__ - INFO - 第 112 页完成
2025-01-12 14:47:42,715 - __main__ - INFO - 开始获取第 113 页数据...
2025-01-12 14:47:43,037 - __main__ - INFO - 成功获取第 113 页数据，共 20 条记录
2025-01-12 14:47:43,046 - __main__ - INFO - 第 113 页完成
2025-01-12 14:47:43,047 - __main__ - INFO - 开始获取第 114 页数据...
2025-01-12 14:47:43,373 - __main__ - INFO - 成功获取第 114 页数据，共 20 条记录
2025-01-12 14:47:43,390 - __main__ - INFO - 第 114 页完成
2025-01-12 14:47:43,391 - __main__ - INFO - 开始获取第 115 页数据...
2025-01-12 14:47:43,700 - __main__ - INFO - 成功获取第 115 页数据，共 20 条记录
2025-01-12 14:47:43,711 - __main__ - INFO - 第 115 页完成
2025-01-12 14:47:43,711 - __main__ - INFO - 开始获取第 116 页数据...
2025-01-12 14:47:44,065 - __main__ - INFO - 成功获取第 116 页数据，共 20 条记录
2025-01-12 14:47:44,075 - __main__ - INFO - 第 116 页完成
2025-01-12 14:47:44,075 - __main__ - INFO - 开始获取第 117 页数据...
2025-01-12 14:47:44,433 - __main__ - INFO - 成功获取第 117 页数据，共 20 条记录
2025-01-12 14:47:44,444 - __main__ - INFO - 第 117 页完成
2025-01-12 14:47:44,444 - __main__ - INFO - 开始获取第 118 页数据...
2025-01-12 14:47:44,775 - __main__ - INFO - 成功获取第 118 页数据，共 20 条记录
2025-01-12 14:47:44,784 - __main__ - INFO - 第 118 页完成
2025-01-12 14:47:44,786 - __main__ - INFO - 开始获取第 119 页数据...
2025-01-12 14:47:45,121 - __main__ - INFO - 成功获取第 119 页数据，共 20 条记录
2025-01-12 14:47:45,141 - __main__ - INFO - 第 119 页完成
2025-01-12 14:47:45,141 - __main__ - INFO - 开始获取第 120 页数据...
2025-01-12 14:47:45,551 - __main__ - INFO - 成功获取第 120 页数据，共 20 条记录
2025-01-12 14:47:45,571 - __main__ - INFO - 第 120 页完成
2025-01-12 14:47:45,572 - __main__ - INFO - 开始获取第 121 页数据...
2025-01-12 14:47:45,956 - __main__ - INFO - 成功获取第 121 页数据，共 20 条记录
2025-01-12 14:47:45,977 - __main__ - INFO - 第 121 页完成
2025-01-12 14:47:45,977 - __main__ - INFO - 开始获取第 122 页数据...
2025-01-12 14:47:46,339 - __main__ - INFO - 成功获取第 122 页数据，共 20 条记录
2025-01-12 14:47:46,366 - __main__ - INFO - 第 122 页完成
2025-01-12 14:47:46,367 - __main__ - INFO - 开始获取第 123 页数据...
2025-01-12 14:47:46,806 - __main__ - INFO - 成功获取第 123 页数据，共 20 条记录
2025-01-12 14:47:46,823 - __main__ - INFO - 第 123 页完成
2025-01-12 14:47:46,823 - __main__ - INFO - 开始获取第 124 页数据...
2025-01-12 14:47:47,171 - __main__ - INFO - 成功获取第 124 页数据，共 20 条记录
2025-01-12 14:47:47,185 - __main__ - INFO - 第 124 页完成
2025-01-12 14:47:47,186 - __main__ - INFO - 开始获取第 125 页数据...
2025-01-12 14:47:47,548 - __main__ - INFO - 成功获取第 125 页数据，共 20 条记录
2025-01-12 14:47:47,565 - __main__ - INFO - 第 125 页完成
2025-01-12 14:47:47,565 - __main__ - INFO - 开始获取第 126 页数据...
2025-01-12 14:47:47,900 - __main__ - INFO - 成功获取第 126 页数据，共 20 条记录
2025-01-12 14:47:47,912 - __main__ - INFO - 第 126 页完成
2025-01-12 14:47:47,912 - __main__ - INFO - 开始获取第 127 页数据...
2025-01-12 14:47:48,254 - __main__ - INFO - 成功获取第 127 页数据，共 20 条记录
2025-01-12 14:47:48,287 - __main__ - INFO - 第 127 页完成
2025-01-12 14:47:48,288 - __main__ - INFO - 开始获取第 128 页数据...
2025-01-12 14:47:48,646 - __main__ - INFO - 成功获取第 128 页数据，共 20 条记录
2025-01-12 14:47:48,670 - __main__ - INFO - 第 128 页完成
2025-01-12 14:47:48,670 - __main__ - INFO - 开始获取第 129 页数据...
2025-01-12 14:47:49,025 - __main__ - INFO - 成功获取第 129 页数据，共 20 条记录
2025-01-12 14:47:49,049 - __main__ - INFO - 第 129 页完成
2025-01-12 14:47:49,050 - __main__ - INFO - 开始获取第 130 页数据...
2025-01-12 14:47:49,413 - __main__ - INFO - 成功获取第 130 页数据，共 20 条记录
2025-01-12 14:47:49,430 - __main__ - INFO - 第 130 页完成
2025-01-12 14:47:49,431 - __main__ - INFO - 开始获取第 131 页数据...
2025-01-12 14:47:49,786 - __main__ - INFO - 成功获取第 131 页数据，共 20 条记录
2025-01-12 14:47:49,807 - __main__ - INFO - 第 131 页完成
2025-01-12 14:47:49,808 - __main__ - INFO - 开始获取第 132 页数据...
2025-01-12 14:47:50,192 - __main__ - INFO - 成功获取第 132 页数据，共 20 条记录
2025-01-12 14:47:50,218 - __main__ - INFO - 第 132 页完成
2025-01-12 14:47:50,218 - __main__ - INFO - 开始获取第 133 页数据...
2025-01-12 14:47:50,604 - __main__ - INFO - 成功获取第 133 页数据，共 20 条记录
2025-01-12 14:47:50,629 - __main__ - INFO - 第 133 页完成
2025-01-12 14:47:50,629 - __main__ - INFO - 开始获取第 134 页数据...
2025-01-12 14:47:51,001 - __main__ - INFO - 成功获取第 134 页数据，共 20 条记录
2025-01-12 14:47:51,027 - __main__ - INFO - 第 134 页完成
2025-01-12 14:47:51,027 - __main__ - INFO - 开始获取第 135 页数据...
2025-01-12 14:47:51,372 - __main__ - INFO - 成功获取第 135 页数据，共 20 条记录
2025-01-12 14:47:51,390 - __main__ - INFO - 第 135 页完成
2025-01-12 14:47:51,391 - __main__ - INFO - 开始获取第 136 页数据...
2025-01-12 14:47:51,755 - __main__ - INFO - 成功获取第 136 页数据，共 20 条记录
2025-01-12 14:47:51,766 - __main__ - INFO - 第 136 页完成
2025-01-12 14:47:51,767 - __main__ - INFO - 开始获取第 137 页数据...
2025-01-12 14:47:52,134 - __main__ - INFO - 成功获取第 137 页数据，共 20 条记录
2025-01-12 14:47:52,146 - __main__ - INFO - 第 137 页完成
2025-01-12 14:47:52,146 - __main__ - INFO - 开始获取第 138 页数据...
2025-01-12 14:47:52,515 - __main__ - INFO - 成功获取第 138 页数据，共 20 条记录
2025-01-12 14:47:52,539 - __main__ - INFO - 第 138 页完成
2025-01-12 14:47:52,539 - __main__ - INFO - 开始获取第 139 页数据...
2025-01-12 14:47:52,903 - __main__ - INFO - 成功获取第 139 页数据，共 20 条记录
2025-01-12 14:47:52,916 - __main__ - INFO - 第 139 页完成
2025-01-12 14:47:52,916 - __main__ - INFO - 开始获取第 140 页数据...
2025-01-12 14:47:53,354 - __main__ - INFO - 成功获取第 140 页数据，共 20 条记录
2025-01-12 14:47:53,378 - __main__ - INFO - 第 140 页完成
2025-01-12 14:47:53,378 - __main__ - INFO - 开始获取第 141 页数据...
2025-01-12 14:47:53,858 - __main__ - INFO - 成功获取第 141 页数据，共 20 条记录
2025-01-12 14:47:53,881 - __main__ - INFO - 第 141 页完成
2025-01-12 14:47:53,881 - __main__ - INFO - 开始获取第 142 页数据...
2025-01-12 14:47:54,238 - __main__ - INFO - 成功获取第 142 页数据，共 20 条记录
2025-01-12 14:47:54,264 - __main__ - INFO - 第 142 页完成
2025-01-12 14:47:54,264 - __main__ - INFO - 开始获取第 143 页数据...
2025-01-12 14:47:54,646 - __main__ - INFO - 成功获取第 143 页数据，共 20 条记录
2025-01-12 14:47:54,671 - __main__ - INFO - 第 143 页完成
2025-01-12 14:47:54,672 - __main__ - INFO - 开始获取第 144 页数据...
2025-01-12 14:47:55,022 - __main__ - INFO - 成功获取第 144 页数据，共 20 条记录
2025-01-12 14:47:55,046 - __main__ - INFO - 第 144 页完成
2025-01-12 14:47:55,046 - __main__ - INFO - 开始获取第 145 页数据...
2025-01-12 14:47:55,394 - __main__ - INFO - 成功获取第 145 页数据，共 20 条记录
2025-01-12 14:47:55,419 - __main__ - INFO - 第 145 页完成
2025-01-12 14:47:55,419 - __main__ - INFO - 开始获取第 146 页数据...
2025-01-12 14:47:55,808 - __main__ - INFO - 成功获取第 146 页数据，共 20 条记录
2025-01-12 14:47:55,827 - __main__ - INFO - 第 146 页完成
2025-01-12 14:47:55,828 - __main__ - INFO - 开始获取第 147 页数据...
2025-01-12 14:47:56,243 - __main__ - INFO - 成功获取第 147 页数据，共 20 条记录
2025-01-12 14:47:56,261 - __main__ - INFO - 第 147 页完成
2025-01-12 14:47:56,262 - __main__ - INFO - 开始获取第 148 页数据...
2025-01-12 14:47:56,614 - __main__ - INFO - 成功获取第 148 页数据，共 10 条记录
2025-01-12 14:47:56,639 - __main__ - INFO - 第 148 页完成
2025-01-12 14:47:56,639 - __main__ - INFO - 所有页面数据获取完成
